<?xml version="1.0" encoding="UTF-8"?>
<!-- Generated by org.testng.reporters.JUnitReportReporter -->
<testsuite hostname="DEEPAK-SRINIVASAN" failures="0" tests="1" name="cucumberOptions.FailedTestRunner" time="13.149" errors="1" timestamp="2025-01-25T06:25:39 IST" skipped="0">
  <testcase classname="cucumberOptions.FailedTestRunner" name="runScenario" time="13.149">
    <error message="no such window: target window already closed
from unknown error: web view not found
  (Session info: chrome=131.0.6778.86)
Build info: version: &#039;4.27.0&#039;, revision: &#039;d6e718d134&#039;
System info: os.name: &#039;Windows 10&#039;, os.arch: &#039;amd64&#039;, os.version: &#039;10.0&#039;, java.version: &#039;21.0.5&#039;
Driver info: org.openqa.selenium.chrome.ChromeDriver
Command: [9b0332af744bc8cf79552cba343c048d, sendKeysToElement {id=f.69D57CF1E17EF58C1D8A31BAF7BD1AFC.d.EC9082DD8C4B9934CBB365728577FD57.e.100, value=[Ljava.lang.CharSequence;@2f587af3}]
Capabilities {acceptInsecureCerts: false, browserName: chrome, browserVersion: 131.0.6778.86, chrome: {chromedriverVersion: 131.0.6778.264 (2d05e315153..., userDataDir: C:\TEMP\scoped_dir4944_3683...}, fedcm:accounts: true, goog:chromeOptions: {debuggerAddress: localhost:58032}, networkConnectionEnabled: false, pageLoadStrategy: normal, platformName: windows, proxy: Proxy(), se:cdp: ws://localhost:58032/devtoo..., se:cdpVersion: 131.0.6778.86, setWindowRect: true, strictFileInteractability: false, timeouts: {implicit: 0, pageLoad: 300000, script: 30000}, unhandledPromptBehavior: dismiss and notify, webauthn:extension:credBlob: true, webauthn:extension:largeBlob: true, webauthn:extension:minPinLength: true, webauthn:extension:prf: true, webauthn:virtualAuthenticators: true}
Element: [[ChromeDriver: chrome on windows (9b0332af744bc8cf79552cba343c048d)] -&gt; xpath: //input[@type=&#039;password&#039; and @id=&#039;ap_password&#039;]]
Session ID: 9b0332af744bc8cf79552cba343c048d" type="org.openqa.selenium.NoSuchWindowException">
      <![CDATA[org.openqa.selenium.NoSuchWindowException: no such window: target window already closed
from unknown error: web view not found
  (Session info: chrome=131.0.6778.86)
Build info: version: '4.27.0', revision: 'd6e718d134'
System info: os.name: 'Windows 10', os.arch: 'amd64', os.version: '10.0', java.version: '21.0.5'
Driver info: org.openqa.selenium.chrome.ChromeDriver
Command: [9b0332af744bc8cf79552cba343c048d, sendKeysToElement {id=f.69D57CF1E17EF58C1D8A31BAF7BD1AFC.d.EC9082DD8C4B9934CBB365728577FD57.e.100, value=[Ljava.lang.CharSequence;@2f587af3}]
Capabilities {acceptInsecureCerts: false, browserName: chrome, browserVersion: 131.0.6778.86, chrome: {chromedriverVersion: 131.0.6778.264 (2d05e315153..., userDataDir: C:\TEMP\scoped_dir4944_3683...}, fedcm:accounts: true, goog:chromeOptions: {debuggerAddress: localhost:58032}, networkConnectionEnabled: false, pageLoadStrategy: normal, platformName: windows, proxy: Proxy(), se:cdp: ws://localhost:58032/devtoo..., se:cdpVersion: 131.0.6778.86, setWindowRect: true, strictFileInteractability: false, timeouts: {implicit: 0, pageLoad: 300000, script: 30000}, unhandledPromptBehavior: dismiss and notify, webauthn:extension:credBlob: true, webauthn:extension:largeBlob: true, webauthn:extension:minPinLength: true, webauthn:extension:prf: true, webauthn:virtualAuthenticators: true}
Element: [[ChromeDriver: chrome on windows (9b0332af744bc8cf79552cba343c048d)] -> xpath: //input[@type='password' and @id='ap_password']]
Session ID: 9b0332af744bc8cf79552cba343c048d
at java.base/jdk.internal.reflect.DirectConstructorHandleAccessor.newInstance(DirectConstructorHandleAccessor.java:62)
at java.base/java.lang.reflect.Constructor.newInstanceWithCaller(Constructor.java:502)
at java.base/java.lang.reflect.Constructor.newInstance(Constructor.java:486)
at org.openqa.selenium.remote.ErrorCodec.decode(ErrorCodec.java:167)
at org.openqa.selenium.remote.codec.w3c.W3CHttpResponseCodec.decode(W3CHttpResponseCodec.java:138)
at org.openqa.selenium.remote.codec.w3c.W3CHttpResponseCodec.decode(W3CHttpResponseCodec.java:50)
at org.openqa.selenium.remote.HttpCommandExecutor.execute(HttpCommandExecutor.java:190)
at org.openqa.selenium.remote.service.DriverCommandExecutor.invokeExecute(DriverCommandExecutor.java:216)
at org.openqa.selenium.remote.service.DriverCommandExecutor.execute(DriverCommandExecutor.java:174)
at org.openqa.selenium.remote.RemoteWebDriver.execute(RemoteWebDriver.java:545)
at org.openqa.selenium.remote.RemoteWebElement.execute(RemoteWebElement.java:223)
at org.openqa.selenium.remote.RemoteWebElement.sendKeys(RemoteWebElement.java:110)
at pageObjects.LoginPageObjects.authenticateCredentials(LoginPageObjects.java:58)
at stepDefinitions.LoginPageStepDefinition.user_enters_valid_username_and_valid_password(LoginPageStepDefinition.java:58)
at âœ½.User enters Valid Username "7418744644" and Valid Password "Deepakbagium#"(file:///F:/PROGRAMMING%20LANGUAGE/Learn%20Cucumber%20BDD%20with%20Java%20-MasterClass%20Selenium%20Framework_RahulShetty/ECLIPSE_WORKSPACE/Amazon_Project/src/test/java/features/Login.feature:79)
]]>
    </error>
  </testcase> <!-- runScenario -->
</testsuite> <!-- cucumberOptions.FailedTestRunner -->
